<?xml version="1.0" encoding="UTF-8"?>
<!-- Generated by org.testng.reporters.JUnitXMLReporter -->
<testsuite hostname="Admin" ignored="0" name="Default test" tests="3" failures="0" timestamp="2021-08-30T11:22:10 IST" time="4.065" errors="0">
  <testcase name="validateCreateUserAPIWithValidData" time="2.875" classname="com.w24.API_Proj.testCases.TestCreateUserAPI"/>
  <testcase name="validateCreateUserAPIWithValidData" time="0.556" classname="com.w24.API_Proj.testCases.TestCreateUserAPI"/>
  <testcase name="validateCreateUserAPIWithValidData" time="0.55" classname="com.w24.API_Proj.testCases.TestCreateUserAPI"/>
</testsuite> <!-- Default test -->
