<?xml version="1.0" encoding="UTF-8"?>
<testng-results skipped="0" failed="0" ignored="0" total="3" passed="3">
  <reporter-output>
  </reporter-output>
  <suite name="Default suite" duration-ms="4065" started-at="2021-08-30T11:22:06 IST" finished-at="2021-08-30T11:22:10 IST">
    <groups>
    </groups>
    <test name="Default test" duration-ms="4065" started-at="2021-08-30T11:22:06 IST" finished-at="2021-08-30T11:22:10 IST">
      <class name="com.w24.API_Proj.testCases.TestCreateUserAPI">
        <test-method status="PASS" signature="beforeSuite()[pri:0, instance:com.w24.API_Proj.testCases.TestCreateUserAPI@1ce24091]" name="beforeSuite" is-config="true" duration-ms="704" started-at="2021-08-30T11:22:06 IST" finished-at="2021-08-30T11:22:06 IST">
          <reporter-output>
          </reporter-output>
        </test-method> <!-- beforeSuite -->
        <test-method status="PASS" signature="beforeClass()[pri:0, instance:com.w24.API_Proj.testCases.TestCreateUserAPI@1ce24091]" name="beforeClass" is-config="true" duration-ms="5" started-at="2021-08-30T11:22:06 IST" finished-at="2021-08-30T11:22:06 IST">
          <reporter-output>
          </reporter-output>
        </test-method> <!-- beforeClass -->
        <test-method status="PASS" signature="beforeMethod(java.lang.reflect.Method)[pri:0, instance:com.w24.API_Proj.testCases.TestCreateUserAPI@1ce24091]" name="beforeMethod" is-config="true" duration-ms="1" started-at="2021-08-30T11:22:06 IST" finished-at="2021-08-30T11:22:06 IST">
          <params>
            <param index="0">
              <value>
                <![CDATA[public void com.w24.API_Proj.testCases.TestCreateUserAPI.validateCreateUserAPIWithValidData(java.util.Hashtable)]]>
              </value>
            </param>
          </params>
          <reporter-output>
          </reporter-output>
        </test-method> <!-- beforeMethod -->
        <test-method status="PASS" signature="validateCreateUserAPIWithValidData(java.util.Hashtable)[pri:0, instance:com.w24.API_Proj.testCases.TestCreateUserAPI@1ce24091]" name="validateCreateUserAPIWithValidData" duration-ms="2875" started-at="2021-08-30T11:22:06 IST" data-provider="dp" finished-at="2021-08-30T11:22:09 IST">
          <params>
            <param index="0">
              <value>
                <![CDATA[{name=Rahul Arora, job=Selenium Master}]]>
              </value>
            </param>
          </params>
          <reporter-output>
          </reporter-output>
        </test-method> <!-- validateCreateUserAPIWithValidData -->
        <test-method status="PASS" signature="afterMethod(org.testng.ITestResult)[pri:0, instance:com.w24.API_Proj.testCases.TestCreateUserAPI@1ce24091]" name="afterMethod" is-config="true" duration-ms="1" started-at="2021-08-30T11:22:09 IST" finished-at="2021-08-30T11:22:09 IST">
          <params>
            <param index="0">
              <value>
                <![CDATA[[TestResult name=validateCreateUserAPIWithValidData status=SUCCESS method=TestCreateUserAPI.validateCreateUserAPIWithValidData(java.util.Hashtable)[pri:0, instance:com.w24.API_Proj.testCases.TestCreateUserAPI@1ce24091] output={null}]]]>
              </value>
            </param>
          </params>
          <reporter-output>
          </reporter-output>
        </test-method> <!-- afterMethod -->
        <test-method status="PASS" signature="beforeMethod(java.lang.reflect.Method)[pri:0, instance:com.w24.API_Proj.testCases.TestCreateUserAPI@1ce24091]" name="beforeMethod" is-config="true" duration-ms="1" started-at="2021-08-30T11:22:09 IST" finished-at="2021-08-30T11:22:09 IST">
          <params>
            <param index="0">
              <value>
                <![CDATA[public void com.w24.API_Proj.testCases.TestCreateUserAPI.validateCreateUserAPIWithValidData(java.util.Hashtable)]]>
              </value>
            </param>
          </params>
          <reporter-output>
          </reporter-output>
        </test-method> <!-- beforeMethod -->
        <test-method status="PASS" signature="validateCreateUserAPIWithValidData(java.util.Hashtable)[pri:0, instance:com.w24.API_Proj.testCases.TestCreateUserAPI@1ce24091]" name="validateCreateUserAPIWithValidData" duration-ms="556" started-at="2021-08-30T11:22:09 IST" data-provider="dp" finished-at="2021-08-30T11:22:10 IST">
          <params>
            <param index="0">
              <value>
                <![CDATA[{name=Deepak, job=Ui Developer}]]>
              </value>
            </param>
          </params>
          <reporter-output>
          </reporter-output>
        </test-method> <!-- validateCreateUserAPIWithValidData -->
        <test-method status="PASS" signature="afterMethod(org.testng.ITestResult)[pri:0, instance:com.w24.API_Proj.testCases.TestCreateUserAPI@1ce24091]" name="afterMethod" is-config="true" duration-ms="1" started-at="2021-08-30T11:22:10 IST" finished-at="2021-08-30T11:22:10 IST">
          <params>
            <param index="0">
              <value>
                <![CDATA[[TestResult name=validateCreateUserAPIWithValidData status=SUCCESS method=TestCreateUserAPI.validateCreateUserAPIWithValidData(java.util.Hashtable)[pri:0, instance:com.w24.API_Proj.testCases.TestCreateUserAPI@1ce24091] output={null}]]]>
              </value>
            </param>
          </params>
          <reporter-output>
          </reporter-output>
        </test-method> <!-- afterMethod -->
        <test-method status="PASS" signature="beforeMethod(java.lang.reflect.Method)[pri:0, instance:com.w24.API_Proj.testCases.TestCreateUserAPI@1ce24091]" name="beforeMethod" is-config="true" duration-ms="0" started-at="2021-08-30T11:22:10 IST" finished-at="2021-08-30T11:22:10 IST">
          <params>
            <param index="0">
              <value>
                <![CDATA[public void com.w24.API_Proj.testCases.TestCreateUserAPI.validateCreateUserAPIWithValidData(java.util.Hashtable)]]>
              </value>
            </param>
          </params>
          <reporter-output>
          </reporter-output>
        </test-method> <!-- beforeMethod -->
        <test-method status="PASS" signature="validateCreateUserAPIWithValidData(java.util.Hashtable)[pri:0, instance:com.w24.API_Proj.testCases.TestCreateUserAPI@1ce24091]" name="validateCreateUserAPIWithValidData" duration-ms="550" started-at="2021-08-30T11:22:10 IST" data-provider="dp" finished-at="2021-08-30T11:22:10 IST">
          <params>
            <param index="0">
              <value>
                <![CDATA[{name=Anil, job=Tech Lead}]]>
              </value>
            </param>
          </params>
          <reporter-output>
          </reporter-output>
        </test-method> <!-- validateCreateUserAPIWithValidData -->
        <test-method status="PASS" signature="afterMethod(org.testng.ITestResult)[pri:0, instance:com.w24.API_Proj.testCases.TestCreateUserAPI@1ce24091]" name="afterMethod" is-config="true" duration-ms="0" started-at="2021-08-30T11:22:10 IST" finished-at="2021-08-30T11:22:10 IST">
          <params>
            <param index="0">
              <value>
                <![CDATA[[TestResult name=validateCreateUserAPIWithValidData status=SUCCESS method=TestCreateUserAPI.validateCreateUserAPIWithValidData(java.util.Hashtable)[pri:0, instance:com.w24.API_Proj.testCases.TestCreateUserAPI@1ce24091] output={null}]]]>
              </value>
            </param>
          </params>
          <reporter-output>
          </reporter-output>
        </test-method> <!-- afterMethod -->
        <test-method status="PASS" signature="afterSuite()[pri:0, instance:com.w24.API_Proj.testCases.TestCreateUserAPI@1ce24091]" name="afterSuite" is-config="true" duration-ms="1" started-at="2021-08-30T11:22:10 IST" finished-at="2021-08-30T11:22:10 IST">
          <reporter-output>
          </reporter-output>
        </test-method> <!-- afterSuite -->
      </class> <!-- com.w24.API_Proj.testCases.TestCreateUserAPI -->
    </test> <!-- Default test -->
  </suite> <!-- Default suite -->
</testng-results>
